============================================================
   Tang Dynasty, V6.2.168116
   Copyright (c) 2012-2025 Anlogic Inc.
   Executable = D:/td/bin/td.exe
   Built at =   16:32:07 Jun 12 2025
   Run by =     gygdg
   Run Date =   Fri Sep 26 18:38:59 2025

   Run on =     DESKTOP-9O4TCGO
============================================================
RUN-1002 : start command "import_db C:/Users/gygdg/Desktop/lab_ex_1_ethernet_led/UDP_EG4_6.2/prj/UDP_EXAMPLE/UDP_EXAMPLE_Runs/syn_1/UDP_EXAMPLE_elaborate.db"
RUN-1001 : Importing database generated by Tang Dynasty, V6.2.168116.
RUN-1001 : Database version number 46207
RUN-1001 : Import flow parameters
RUN-1001 : Import netlist
RUN-1001 : Import timing constraints
RUN-1001 : Import IO constraints
RUN-1001 : Import Inst constraints
RUN-1001 : Import ChipWatcher
RUN-1001 : Import design success TD_VERSION=6.2.168116 , DB_VERSION=46207
PRJ-1412 : reset_run syn_1 phy_1.
PRJ-1409 : launch_runs syn_1 phy_1  -jobs 6.
PRJ-5303 WARNING: Run syn_1 failed.
RUN-1002 : start command "save_best_bits"
RUN-1002 : start command "import_db C:/Users/gygdg/Desktop/lab_ex_1_ethernet_led/UDP_EG4_6.2/prj/UDP_EXAMPLE/UDP_EXAMPLE_Runs/syn_1/UDP_EXAMPLE_elaborate.db"
RUN-1001 : Importing database generated by Tang Dynasty, V6.2.168116.
RUN-1001 : Database version number 46207
RUN-1001 : Import flow parameters
RUN-1001 : Import netlist
RUN-1001 : Import timing constraints
RUN-1001 : Import IO constraints
RUN-1001 : Import Inst constraints
RUN-1001 : Import ChipWatcher
RUN-1001 : Import design success TD_VERSION=6.2.168116 , DB_VERSION=46207
PRJ-1412 : reset_run syn_1 phy_1.
PRJ-1409 : launch_runs syn_1 phy_1  -jobs 6.
PRJ-5303 WARNING: Run syn_1 failed.
RUN-1002 : start command "save_best_bits"
